mode: set
petProject/internal/repository/test_utils/setup.go:12.76,16.16 3 1
petProject/internal/repository/test_utils/setup.go:16.16,18.3 1 0
petProject/internal/repository/test_utils/setup.go:21.2,32.20 4 1
petProject/internal/repository/test_utils/setup.go:32.20,34.78 1 1
petProject/internal/repository/test_utils/setup.go:34.78,36.4 1 0
petProject/internal/repository/test_utils/setup.go:38.3,38.73 1 1
petProject/internal/repository/test_utils/setup.go:38.73,40.4 1 0
petProject/internal/repository/test_utils/setup.go:43.2,43.22 1 1
petProject/internal/repository/test_utils/setup.go:46.69,50.16 3 1
petProject/internal/repository/test_utils/setup.go:50.16,52.3 1 0
petProject/internal/repository/test_utils/setup.go:55.2,66.20 4 1
petProject/internal/repository/test_utils/setup.go:66.20,68.78 1 1
petProject/internal/repository/test_utils/setup.go:68.78,70.4 1 0
petProject/internal/repository/test_utils/setup.go:72.3,72.73 1 1
petProject/internal/repository/test_utils/setup.go:72.73,74.4 1 0
petProject/internal/repository/test_utils/setup.go:77.2,77.22 1 1
petProject/internal/repository/test_utils/setup.go:80.67,90.20 3 1
petProject/internal/repository/test_utils/setup.go:90.20,92.73 1 1
petProject/internal/repository/test_utils/setup.go:92.73,94.4 1 0
petProject/internal/repository/test_utils/setup.go:97.2,97.22 1 1
